[38;5;0m[HTTP][0m [37m-->[39m [37mPOST[39m [37m/session[39m
[38;5;0m[HTTP][0m [90m{"capabilities":{"alwaysMatch":{"appium:platformName":"Android","appium:app":"/Users/applemacbookprom2/Project/Test/selenium_js_example/sample.apk","appium:deviceName":"WKMJTS9PRC9DVKXS","appium:appPackage":"com.sampleapp","appium:automationName":"UiAutomator2"},"firstMatch":[{}]},"desiredCapabilities":{"appium:platformName":"Android","appium:app":"/Users/applemacbookprom2/Project/Test/selenium_js_example/sample.apk","appium:deviceName":"WKMJTS9PRC9DVKXS","appium:appPackage":"com.sampleapp","appium:automationName":"UiAutomator2"}}[39m
[38;5;16m[AppiumDriver@b707][0m Calling AppiumDriver.createSession() with args: [{"appium:platformName":"Android","appium:app":"/Users/applemacbookprom2/Project/Test/selenium_js_example/sample.apk","appium:deviceName":"WKMJTS9PRC9DVKXS","appium:appPackage":"com.sampleapp","appium:automationName":"UiAutomator2"},null,{"alwaysMatch":{"appium:platformName":"Android","appium:app":"/Users/applemacbookprom2/Project/Test/selenium_js_example/sample.apk","appium:deviceName":"WKMJTS9PRC9DVKXS","appium:appPackage":"com.sampleapp","appium:automationName":"UiAutomator2"},"firstMatch":[{}]}]
[38;5;16m[AppiumDriver@b707][0m Event 'newSessionRequested' logged at 1711725339135 (22:15:39 GMT+0700 (Western Indonesia Time))
[38;5;32m[BaseDriver][0m The capabilities ["platformName"] are standard capabilities and do not require "appium:" prefix
[35m[Appium][39m Attempting to find matching driver for automationName 'UiAutomator2' and platformName 'Android'
[35m[Appium][39m The 'uiautomator2' driver was installed and matched caps.
[35m[Appium][39m Will require it at /Users/applemacbookprom2/Project/Test/selenium_js_example/node_modules/appium-uiautomator2-driver
[35m[Appium][39m Requiring driver at /Users/applemacbookprom2/Project/Test/selenium_js_example/node_modules/appium-uiautomator2-driver/build/index.js
[38;5;16m[AppiumDriver@b707][0m Appium v2.5.1 creating new AndroidUiautomator2Driver (v2.45.1) session
[38;5;16m[AppiumDriver@b707][0m Checking BaseDriver versions for Appium and AndroidUiautomator2Driver
[38;5;16m[AppiumDriver@b707][0m Appium's BaseDriver version is 9.5.2
[38;5;16m[AppiumDriver@b707][0m AndroidUiautomator2Driver's BaseDriver version is 9.5.1
[38;5;48m[AndroidUiautomator2Driver@0010][0m Creating session with W3C capabilities: {
[38;5;48m[AndroidUiautomator2Driver@0010][0m   "alwaysMatch": {
[38;5;48m[AndroidUiautomator2Driver@0010][0m     "platformName": "Android",
[38;5;48m[AndroidUiautomator2Driver@0010][0m     "appium:app": "/Users/applemacbookprom2/Project/Test/selenium_js_example/sample.apk",
[38;5;48m[AndroidUiautomator2Driver@0010][0m     "appium:deviceName": "WKMJTS9PRC9DVKXS",
[38;5;48m[AndroidUiautomator2Driver@0010][0m     "appium:appPackage": "com.sampleapp",
[38;5;48m[AndroidUiautomator2Driver@0010][0m     "appium:automationName": "UiAutomator2"
[38;5;48m[AndroidUiautomator2Driver@0010][0m   },
[38;5;48m[AndroidUiautomator2Driver@0010][0m   "firstMatch": [
[38;5;48m[AndroidUiautomator2Driver@0010][0m     {}
[38;5;48m[AndroidUiautomator2Driver@0010][0m   ]
[38;5;48m[AndroidUiautomator2Driver@0010][0m }
[38;5;48m[AndroidUiautomator2Driver@0010 (b62526a6)][0m Session created with session id: b62526a6-cbad-4227-b796-56c27382bec7
[38;5;64m[ADB][0m Found 3 'build-tools' folders under '/Users/applemacbookprom2/Library/Android/sdk' (newest first):
[38;5;64m[ADB][0m     /Users/applemacbookprom2/Library/Android/sdk/build-tools/34.0.0
[38;5;64m[ADB][0m     /Users/applemacbookprom2/Library/Android/sdk/build-tools/30.0.3
[38;5;64m[ADB][0m     /Users/applemacbookprom2/Library/Android/sdk/build-tools/30.0.2
[38;5;64m[ADB][0m Using 'adb' from '/Users/applemacbookprom2/Library/Android/sdk/platform-tools/adb'
[38;5;64m[ADB][0m Running '/Users/applemacbookprom2/Library/Android/sdk/platform-tools/adb -P 5037 start-server'
[38;5;48m[AndroidUiautomator2Driver@0010 (b62526a6)][0m Retrieving device list
[38;5;64m[ADB][0m Trying to find connected Android devices
[38;5;64m[ADB][0m Getting connected devices
[38;5;64m[ADB][0m Connected devices: [{"udid":"WKMJTS9PRC9DVKXS","state":"device"}]
[38;5;48m[AndroidUiautomator2Driver@0010 (b62526a6)][0m Using device: WKMJTS9PRC9DVKXS
[38;5;64m[ADB][0m Using 'adb' from '/Users/applemacbookprom2/Library/Android/sdk/platform-tools/adb'
[38;5;64m[ADB][0m Running '/Users/applemacbookprom2/Library/Android/sdk/platform-tools/adb -P 5037 start-server'
[38;5;64m[ADB][0m Setting device id to WKMJTS9PRC9DVKXS
[38;5;32m[BaseDriver][0m Using local app '/Users/applemacbookprom2/Project/Test/selenium_js_example/sample.apk'
[38;5;48m[AndroidUiautomator2Driver@0010 (b62526a6)][0m Checking whether app is actually present
[38;5;64m[ADB][0m Running '/Users/applemacbookprom2/Library/Android/sdk/platform-tools/adb -P 5037 -s WKMJTS9PRC9DVKXS shell getprop ro.build.version.sdk'
[38;5;64m[ADB][0m Current device property 'ro.build.version.sdk': 33
[38;5;64m[ADB][0m Getting device platform version
[38;5;64m[ADB][0m Running '/Users/applemacbookprom2/Library/Android/sdk/platform-tools/adb -P 5037 -s WKMJTS9PRC9DVKXS shell getprop ro.build.version.release'
[38;5;64m[ADB][0m Current device property 'ro.build.version.release': 13
[38;5;64m[ADB][0m Device API level: 33
[38;5;48m[AndroidUiautomator2Driver@0010 (b62526a6)][0m Relaxing hidden api policy
[38;5;64m[ADB][0m Running '/Users/applemacbookprom2/Library/Android/sdk/platform-tools/adb -P 5037 -s WKMJTS9PRC9DVKXS shell 'settings put global hidden_api_policy_pre_p_apps 1;settings put global hidden_api_policy_p_apps 1;settings put global hidden_api_policy 1''
[38;5;48m[AndroidUiautomator2Driver@0010 (b62526a6)][0m Parsing package and activity from app manifest
[38;5;48m[AndroidUiautomator2Driver@0010 (b62526a6)][0m Pushing settings apk to the device...
[38;5;64m[ADB][0m Getting package info for 'io.appium.settings'
[38;5;64m[ADB][0m Running '/Users/applemacbookprom2/Library/Android/sdk/platform-tools/adb -P 5037 -s WKMJTS9PRC9DVKXS shell dumpsys package io.appium.settings'
[38;5;64m[ADB][0m Package name: 'com.sampleapp'
[38;5;64m[ADB][0m Main activity name: 'com.sampleapp.MainActivity'
[38;5;48m[AndroidUiautomator2Driver@0010 (b62526a6)][0m Parsed package and activity are: com.sampleapp/com.sampleapp.MainActivity
[38;5;64m[ADB][0m The version code of the installed 'io.appium.settings' is greater than the application version code (76 > 75)
[38;5;64m[ADB][0m There is no need to downgrade 'io.appium.settings'
[38;5;64m[ADB][0m Running '/Users/applemacbookprom2/Library/Android/sdk/platform-tools/adb -P 5037 -s WKMJTS9PRC9DVKXS shell dumpsys activity services io.appium.settings'
[38;5;48m[AndroidUiautomator2Driver@0010 (b62526a6)][0m io.appium.settings is already running. There is no need to reset its permissions.
[38;5;80m[Logcat][0m Starting logs capture with command: /Users/applemacbookprom2/Library/Android/sdk/platform-tools/adb -P 5037 -s WKMJTS9PRC9DVKXS logcat -v threadtime
[38;5;64m[ADB][0m Running '/Users/applemacbookprom2/Library/Android/sdk/platform-tools/adb -P 5037 -s WKMJTS9PRC9DVKXS shell appops set io.appium.settings android:mock_location allow'
[38;5;64m[ADB][0m Running '/Users/applemacbookprom2/Library/Android/sdk/platform-tools/adb -P 5037 -s WKMJTS9PRC9DVKXS shell "[ -e '/data/local/tmp/mock_apps.json' ] && echo __PASS__"'
[38;5;64m[ADB][0m Running '/Users/applemacbookprom2/Library/Android/sdk/platform-tools/adb -P 5037 -s WKMJTS9PRC9DVKXS shell cat /data/local/tmp/mock_apps.json'
[38;5;48m[AndroidUiautomator2Driver@0010 (b62526a6)][0m Forwarding UiAutomator2 Server port 6790 to local port 8204
[38;5;64m[ADB][0m Forwarding system: 8204 to device: 6790
[38;5;64m[ADB][0m Running '/Users/applemacbookprom2/Library/Android/sdk/platform-tools/adb -P 5037 -s WKMJTS9PRC9DVKXS forward tcp:8204 tcp:6790'
[38;5;64m[ADB][0m Checking app cert for /Users/applemacbookprom2/Project/Test/selenium_js_example/sample.apk
[38;5;64m[ADB][0m Checking app cert for /Users/applemacbookprom2/Project/Test/selenium_js_example/node_modules/appium-uiautomator2-driver/node_modules/appium-uiautomator2-server/apks/appium-uiautomator2-server-v6.0.9.apk
[38;5;64m[ADB][0m Checking app cert for /Users/applemacbookprom2/Project/Test/selenium_js_example/node_modules/appium-uiautomator2-driver/node_modules/appium-uiautomator2-server/apks/appium-uiautomator2-server-debug-androidTest.apk
[38;5;64m[ADB][0m Using 'apksigner.jar' from '/Users/applemacbookprom2/Library/Android/sdk/build-tools/34.0.0/lib/apksigner.jar'
[38;5;64m[ADB][0m Starting apksigner: /opt/homebrew/opt/openjdk\@17/bin/java -Xmx1024M -Xss1m -jar /Users/applemacbookprom2/Library/Android/sdk/build-tools/34.0.0/lib/apksigner.jar verify --print-certs /Users/applemacbookprom2/Project/Test/selenium_js_example/node_modules/appium-uiautomator2-driver/node_modules/appium-uiautomator2-server/apks/appium-uiautomator2-server-debug-androidTest.apk
[38;5;64m[ADB][0m Starting apksigner: /opt/homebrew/opt/openjdk\@17/bin/java -Xmx1024M -Xss1m -jar /Users/applemacbookprom2/Library/Android/sdk/build-tools/34.0.0/lib/apksigner.jar verify --print-certs /Users/applemacbookprom2/Project/Test/selenium_js_example/node_modules/appium-uiautomator2-driver/node_modules/appium-uiautomator2-server/apks/appium-uiautomator2-server-v6.0.9.apk
[38;5;64m[ADB][0m Starting apksigner: /opt/homebrew/opt/openjdk\@17/bin/java -Xmx1024M -Xss1m -jar /Users/applemacbookprom2/Library/Android/sdk/build-tools/34.0.0/lib/apksigner.jar verify --print-certs /Users/applemacbookprom2/Project/Test/selenium_js_example/sample.apk
[38;5;64m[ADB][0m apksigner stdout: Signer #1 certificate DN: EMAILADDRESS=android@android.com, CN=Android, OU=Android, O=Android, L=Mountain View, ST=California, C=US
[38;5;64m[ADB][0m Signer #1 certificate SHA-256 digest: a40da80a59d170caa950cf15c18c454d47a39b26989d8b640ecd745ba71bf5dc
[38;5;64m[ADB][0m Signer #1 certificate SHA-1 digest: 61ed377e85d386a8dfee6b864bd85b0bfaa5af81
[38;5;64m[ADB][0m Signer #1 certificate MD5 digest: e89b158e4bcf988ebd09eb83f5378e87
[38;5;64m[ADB][0m 
[38;5;64m[ADB][0m sha256 hash did match for 'appium-uiautomator2-server-debug-androidTest.apk'
[38;5;64m[ADB][0m '/Users/applemacbookprom2/Project/Test/selenium_js_example/node_modules/appium-uiautomator2-driver/node_modules/appium-uiautomator2-server/apks/appium-uiautomator2-server-debug-androidTest.apk' is signed with the default certificate
[38;5;64m[ADB][0m Getting install status for io.appium.uiautomator2.server.test
[38;5;64m[ADB][0m Running '/Users/applemacbookprom2/Library/Android/sdk/platform-tools/adb -P 5037 -s WKMJTS9PRC9DVKXS shell pm path io.appium.uiautomator2.server.test'
[38;5;64m[ADB][0m 'io.appium.uiautomator2.server.test' is installed
[38;5;64m[ADB][0m apksigner stdout: Signer #1 certificate DN: EMAILADDRESS=android@android.com, CN=Android, OU=Android, O=Android, L=Mountain View, ST=California, C=US
[38;5;64m[ADB][0m Signer #1 certificate SHA-256 digest: a40da80a59d170caa950cf15c18c454d47a39b26989d8b640ecd745ba71bf5dc
[38;5;64m[ADB][0m Signer #1 certificate SHA-1 digest: 61ed377e85d386a8dfee6b864bd85b0bfaa5af81
[38;5;64m[ADB][0m Signer #1 certificate MD5 digest: e89b158e4bcf988ebd09eb83f5378e87
[38;5;64m[ADB][0m 
[38;5;64m[ADB][0m sha256 hash did match for 'appium-uiautomator2-server-v6.0.9.apk'
[38;5;64m[ADB][0m '/Users/applemacbookprom2/Project/Test/selenium_js_example/node_modules/appium-uiautomator2-driver/node_modules/appium-uiautomator2-server/apks/appium-uiautomator2-server-v6.0.9.apk' is signed with the default certificate
[38;5;64m[ADB][0m Getting package info for 'io.appium.uiautomator2.server'
[38;5;64m[ADB][0m Running '/Users/applemacbookprom2/Library/Android/sdk/platform-tools/adb -P 5037 -s WKMJTS9PRC9DVKXS shell dumpsys package io.appium.uiautomator2.server'
[38;5;64m[ADB][0m The version code of the installed 'io.appium.uiautomator2.server' is greater than the application version code (163 > 161)
[38;5;48m[AndroidUiautomator2Driver@0010 (b62526a6)][0m Server packages status: [{"wasSigned":true,"installState":"newerVersionInstalled","appPath":"/Users/applemacbookprom2/Project/Test/selenium_js_example/node_modules/appium-uiautomator2-driver/node_modules/appium-uiautomator2-server/apks/appium-uiautomator2-server-v6.0.9.apk","appId":"io.appium.uiautomator2.server"},{"wasSigned":true,"installState":"sameVersionInstalled","appPath":"/Users/applemacbookprom2/Project/Test/selenium_js_example/node_modules/appium-uiautomator2-driver/node_modules/appium-uiautomator2-server/apks/appium-uiautomator2-server-debug-androidTest.apk","appId":"io.appium.uiautomator2.server.test"}]
[38;5;48m[AndroidUiautomator2Driver@0010 (b62526a6)][0m Server packages are not going to be (re)installed
[38;5;48m[AndroidUiautomator2Driver@0010 (b62526a6)][0m Waiting up to 30000ms for services to be available
[38;5;64m[ADB][0m Running '/Users/applemacbookprom2/Library/Android/sdk/platform-tools/adb -P 5037 -s WKMJTS9PRC9DVKXS shell pm list instrumentation'
[38;5;64m[ADB][0m apksigner stdout: Signer #1 certificate DN: CN=Android Debug, OU=Android, O=Unknown, L=Unknown, ST=Unknown, C=US
[38;5;64m[ADB][0m Signer #1 certificate SHA-256 digest: fac61745dc0903786fb9ede62a962b399f7348f0bb6f899b8332667591033b9c
[38;5;64m[ADB][0m Signer #1 certificate SHA-1 digest: 5e8f16062ea3cd2c4a0d547876baa6f38cabf625
[38;5;64m[ADB][0m Signer #1 certificate MD5 digest: 20f46148b72d8e5e5ca23d37a4f41490
[38;5;64m[ADB][0m 
[38;5;64m[ADB][0m '/Users/applemacbookprom2/Project/Test/selenium_js_example/sample.apk' is signed with a non-default certificate
[38;5;64m[ADB][0m Getting package info for 'com.sampleapp'
[38;5;64m[ADB][0m Running '/Users/applemacbookprom2/Library/Android/sdk/platform-tools/adb -P 5037 -s WKMJTS9PRC9DVKXS shell dumpsys package com.sampleapp'
[38;5;48m[AndroidUiautomator2Driver@0010 (b62526a6)][0m Instrumentation target 'io.appium.uiautomator2.server.test/androidx.test.runner.AndroidJUnitRunner' is available
[38;5;64m[ADB][0m Adding packages ["io.appium.settings","io.appium.uiautomator2.server","io.appium.uiautomator2.server.test"] to Doze whitelist
[38;5;64m[ADB][0m Got the following command chunks to execute: [["dumpsys","deviceidle","whitelist","+io.appium.settings",";","dumpsys","deviceidle","whitelist","+io.appium.uiautomator2.server",";","dumpsys","deviceidle","whitelist","+io.appium.uiautomator2.server.test",";"]]
[38;5;64m[ADB][0m Running '/Users/applemacbookprom2/Library/Android/sdk/platform-tools/adb -P 5037 -s WKMJTS9PRC9DVKXS shell dumpsys deviceidle whitelist +io.appium.settings ; dumpsys deviceidle whitelist +io.appium.uiautomator2.server ; dumpsys deviceidle whitelist +io.appium.uiautomator2.server.test ;'
[38;5;64m[ADB][0m The version name of the installed 'com.sampleapp' is greater or equal to the application version name ('1.0.0' >= '1.0.0')
[38;5;64m[ADB][0m There is no need to install/upgrade '/Users/applemacbookprom2/Project/Test/selenium_js_example/sample.apk'
[38;5;48m[AndroidUiautomator2Driver@0010 (b62526a6)][0m Performing fast reset on 'com.sampleapp'
[38;5;64m[ADB][0m Getting install status for com.sampleapp
[38;5;64m[ADB][0m Running '/Users/applemacbookprom2/Library/Android/sdk/platform-tools/adb -P 5037 -s WKMJTS9PRC9DVKXS shell pm path com.sampleapp'
[38;5;64m[ADB][0m 'com.sampleapp' is installed
[38;5;64m[ADB][0m Running '/Users/applemacbookprom2/Library/Android/sdk/platform-tools/adb -P 5037 -s WKMJTS9PRC9DVKXS shell am force-stop com.sampleapp'
[38;5;64m[ADB][0m Running '/Users/applemacbookprom2/Library/Android/sdk/platform-tools/adb -P 5037 -s WKMJTS9PRC9DVKXS shell pm clear com.sampleapp'
[38;5;48m[AndroidUiautomator2Driver@0010 (b62526a6)][0m Performed fast reset on the installed 'com.sampleapp' application (stop and clear)
[38;5;48m[AndroidUiautomator2Driver@0010 (b62526a6)][0m Performing shallow cleanup of automation leftovers
[38;5;48m[AndroidUiautomator2Driver@0010 (b62526a6)][0m No obsolete sessions have been detected (socket hang up)
[38;5;64m[ADB][0m Running '/Users/applemacbookprom2/Library/Android/sdk/platform-tools/adb -P 5037 -s WKMJTS9PRC9DVKXS shell am force-stop io.appium.uiautomator2.server.test'
[38;5;48m[AndroidUiautomator2Driver@0010 (b62526a6)][0m Starting UIAutomator2 server 6.0.9
[38;5;48m[AndroidUiautomator2Driver@0010 (b62526a6)][0m Using UIAutomator2 server from '/Users/applemacbookprom2/Project/Test/selenium_js_example/node_modules/appium-uiautomator2-driver/node_modules/appium-uiautomator2-server/apks/appium-uiautomator2-server-v6.0.9.apk' and test from '/Users/applemacbookprom2/Project/Test/selenium_js_example/node_modules/appium-uiautomator2-driver/node_modules/appium-uiautomator2-server/apks/appium-uiautomator2-server-debug-androidTest.apk'
[38;5;48m[AndroidUiautomator2Driver@0010 (b62526a6)][0m Waiting up to 30000ms for UiAutomator2 to be online...
[38;5;64m[ADB][0m Creating ADB subprocess with args: ["-P","5037","-s","WKMJTS9PRC9DVKXS","shell","am","instrument","-w","-e","disableAnalytics","true","io.appium.uiautomator2.server.test/androidx.test.runner.AndroidJUnitRunner"]
[38;5;48m[AndroidUiautomator2Driver@0010 (b62526a6)][0m Matched '/status' to command name 'getStatus'
[38;5;48m[AndroidUiautomator2Driver@0010 (b62526a6)][0m Proxying [GET /status] to [GET http://127.0.0.1:8204/status] with no body
[38;5;48m[AndroidUiautomator2Driver@0010 (b62526a6)][0m socket hang up
[38;5;96m[Instrumentation][0m io.appium.uiautomator2.server.test.AppiumUiAutomator2Server:
[38;5;48m[AndroidUiautomator2Driver@0010 (b62526a6)][0m Matched '/status' to command name 'getStatus'
[38;5;48m[AndroidUiautomator2Driver@0010 (b62526a6)][0m Proxying [GET /status] to [GET http://127.0.0.1:8204/status] with no body
[38;5;48m[AndroidUiautomator2Driver@0010 (b62526a6)][0m socket hang up
[38;5;48m[AndroidUiautomator2Driver@0010 (b62526a6)][0m Matched '/status' to command name 'getStatus'
[38;5;48m[AndroidUiautomator2Driver@0010 (b62526a6)][0m Proxying [GET /status] to [GET http://127.0.0.1:8204/status] with no body
[38;5;48m[AndroidUiautomator2Driver@0010 (b62526a6)][0m Got response with status 200: {"sessionId":"None","value":{"message":"UiAutomator2 Server is ready to accept commands","ready":true}}
[38;5;48m[AndroidUiautomator2Driver@0010 (b62526a6)][0m The initialization of the instrumentation process took 2089ms
[38;5;48m[AndroidUiautomator2Driver@0010 (b62526a6)][0m Matched '/session' to command name 'createSession'
[38;5;48m[AndroidUiautomator2Driver@0010 (b62526a6)][0m Proxying [POST /session] to [POST http://127.0.0.1:8204/session] with body: {"capabilities":{"firstMatch":[{"platformName":"Android","app":"/Users/applemacbookprom2/Project/Test/selenium_js_example/sample.apk","deviceName":"WKMJTS9PRC9DVKXS","appPackage":"com.sampleapp","automationName":"UiAutomator2","platform":"LINUX","webStorageEnabled":false,"takesScreenshot":true,"javascriptEnabled":true,"databaseEnabled":false,"networkConnectionEnabled":true,"locationContextEnabled":false,"warnings":{},"desired":{"platformName":"Android","app":"/Users/applemacbookprom2/Project/Test/selenium_js_example/sample.apk","deviceName":"WKMJTS9PRC9DVKXS","appPackage":"com.sampleapp","automationName":"UiAutomator2"},"deviceUDID":"WKMJTS9PRC9DVKXS"}],"alwaysMatch":{}}}
[38;5;48m[AndroidUiautomator2Driver@0010 (b62526a6)][0m Got response with status 200: {"sessionId":"63e76165-85b1-4e13-a2ab-9982c0acda4b","value":{"capabilities":{"firstMatch":[{"platformName":"Android","app":"/Users/applemacbookprom2/Project/Test/selenium_js_example/sample.apk","deviceName":"WKMJTS9PRC9DVKXS","appPackage":"com.sampleapp","automationName":"UiAutomator2","platform":"LINUX","webStorageEnabled":false,"takesScreenshot":true,"javascriptEnabled":true,"databaseEnabled":false,"networkConnectionEnabled":true,"locationContextEnabled":false,"warnings":{},"desired":{"platformName":"Android","app":"/Users/applemacbookprom2/Project/Test/selenium_js_example/sample.apk","deviceName":"WKMJTS9PRC9DVKXS","appPackage":"com.sampleapp","automationName":"UiAutomator2"},"deviceUDID":"WKMJTS9PRC9DVKXS"}],"alwaysMatch":{}},"sessionId":"63e76165-85b1-4e13-a2ab-9982c0acda4b"}}
[38;5;48m[AndroidUiautomator2Driver@0010 (b62526a6)][0m Determined the downstream protocol as 'W3C'
[38;5;48m[AndroidUiautomator2Driver@0010 (b62526a6)][0m Proxying [GET /appium/device/pixel_ratio] to [GET http://127.0.0.1:8204/session/63e76165-85b1-4e13-a2ab-9982c0acda4b/appium/device/pixel_ratio] with no body
[38;5;48m[AndroidUiautomator2Driver@0010 (b62526a6)][0m Matched '/appium/device/system_bars' to command name 'getSystemBars'
[38;5;48m[AndroidUiautomator2Driver@0010 (b62526a6)][0m Proxying [GET /appium/device/system_bars] to [GET http://127.0.0.1:8204/session/63e76165-85b1-4e13-a2ab-9982c0acda4b/appium/device/system_bars] with no body
[38;5;48m[AndroidUiautomator2Driver@0010 (b62526a6)][0m Matched '/window/current/size' to command name 'getWindowSize'
[38;5;48m[AndroidUiautomator2Driver@0010 (b62526a6)][0m Proxying [GET /window/current/size] to [GET http://127.0.0.1:8204/session/63e76165-85b1-4e13-a2ab-9982c0acda4b/window/current/size] with no body
[38;5;48m[AndroidUiautomator2Driver@0010 (b62526a6)][0m Proxying [GET /appium/device/info] to [GET http://127.0.0.1:8204/session/63e76165-85b1-4e13-a2ab-9982c0acda4b/appium/device/info] with no body
[38;5;64m[ADB][0m Running '/Users/applemacbookprom2/Library/Android/sdk/platform-tools/adb -P 5037 -s WKMJTS9PRC9DVKXS shell dumpsys window'
[38;5;48m[AndroidUiautomator2Driver@0010 (b62526a6)][0m Got response with status 200: {"sessionId":"63e76165-85b1-4e13-a2ab-9982c0acda4b","value":2}
[38;5;48m[AndroidUiautomator2Driver@0010 (b62526a6)][0m Got response with status 200: {"sessionId":"63e76165-85b1-4e13-a2ab-9982c0acda4b","value":{"statusBar":68}}
[38;5;48m[AndroidUiautomator2Driver@0010 (b62526a6)][0m Got response with status 200: {"sessionId":"63e76165-85b1-4e13-a2ab-9982c0acda4b","value":{"height":1600,"width":720}}
[38;5;48m[AndroidUiautomator2Driver@0010 (b62526a6)][0m Got response with status 200: {"sessionId":"63e76165-85b1-4e13-a2ab-9982c0acda4b","value":{"androidId":"6b3fd8bad114a1a5","apiVersion":"33","bluetooth":{"state":"OFF"},"brand":"Redmi","carrierName":"INDOSAT","displayDensity":320,"locale":"en_GB","manufacturer":"Xiaomi","model":"23108RN04Y","networks":[{"capabilities":{"SSID":null,"linkDownBandwidthKbps":30000,"linkUpstreamBandwidthKbps":15000,"networkCapabilities":"NET_CAPABILITY_IMS,NET_CAPABILITY_NOT_METERED,NET_CAPABILITY_TRUSTED,NET_CAPABILITY_NOT_VPN,NET_CAPABILITY_VALIDATED,NET_CAPABILITY_NOT_ROAMING,NET_CAPABILITY_FOREGROUND,NET_CAPABILITY_NOT_CONGESTED,NET_CAPABILITY_NOT_SUSPENDED","signalStrength":-2147483648,"transportTypes":"TRANSPORT_CELLULAR"},"detailedState":"CONNECTED","extraInfo":"ims","isAvailable":true,"isConnected":true,"isFailover":false,"isRoaming":false,"state":"CONNECTED","subtype":13,"subtypeName":"LTE","type":0,"typeName":"MOBILE"},{"capabilities":{"SSID":null,"linkDownBandwidthKbps":30000,"linkUpstreamBandwidthKbps":12000,"networkCapabilities":"NET_CAPABILITY_...
[38;5;48m[AndroidUiautomator2Driver@0010 (b62526a6)][0m Screen already unlocked, doing nothing
[38;5;48m[AndroidUiautomator2Driver@0010 (b62526a6)][0m Starting 'com.sampleapp/com.sampleapp.MainActivity and waiting for 'com.sampleapp/com.sampleapp.MainActivity'
[38;5;64m[ADB][0m Running '/Users/applemacbookprom2/Library/Android/sdk/platform-tools/adb -P 5037 -s WKMJTS9PRC9DVKXS shell am start -W -n com.sampleapp/com.sampleapp.MainActivity -S -a android.intent.action.MAIN -c android.intent.category.LAUNCHER -f 0x10200000'
[38;5;64m[ADB][0m Waiting up to 20000ms for activity matching pkg: 'com.sampleapp' and activity: 'com.sampleapp.MainActivity' to be focused
[38;5;64m[ADB][0m Possible activities, to be checked: 'com.sampleapp.MainActivity', 'com.sampleapp.com.sampleapp.MainActivity'
[38;5;64m[ADB][0m Getting focused package and activity
[38;5;64m[ADB][0m Running '/Users/applemacbookprom2/Library/Android/sdk/platform-tools/adb -P 5037 -s WKMJTS9PRC9DVKXS shell dumpsys window displays'
[38;5;64m[ADB][0m Found package: 'com.sampleapp' and fully qualified activity name : 'com.sampleapp.MainActivity'
[38;5;16m[AppiumDriver@b707][0m New AndroidUiautomator2Driver session created successfully, session b62526a6-cbad-4227-b796-56c27382bec7 added to master session list
[38;5;16m[AppiumDriver@b707][0m Event 'newSessionStarted' logged at 1711725343957 (22:15:43 GMT+0700 (Western Indonesia Time))
[38;5;48m[AndroidUiautomator2Driver@0010 (b62526a6)][0m Cached the protocol value 'W3C' for the new session b62526a6-cbad-4227-b796-56c27382bec7
[38;5;48m[AndroidUiautomator2Driver@0010 (b62526a6)][0m Responding to client with driver.createSession() result: {"capabilities":{"platformName":"Android","app":"/Users/applemacbookprom2/Project/Test/selenium_js_example/sample.apk","deviceName":"WKMJTS9PRC9DVKXS","appPackage":"com.sampleapp","automationName":"UiAutomator2","platform":"LINUX","webStorageEnabled":false,"takesScreenshot":true,"javascriptEnabled":true,"databaseEnabled":false,"networkConnectionEnabled":true,"locationContextEnabled":false,"warnings":{},"desired":{"platformName":"Android","app":"/Users/applemacbookprom2/Project/Test/selenium_js_example/sample.apk","deviceName":"WKMJTS9PRC9DVKXS","appPackage":"com.sampleapp","automationName":"UiAutomator2"},"deviceUDID":"WKMJTS9PRC9DVKXS","pixelRatio":"2","statBarHeight":68,"viewportRect":{"left":0,"top":68,"width":720,"height":1532},"deviceApiLevel":33,"platformVersion":"13","deviceManufacturer":"Xiaomi","deviceModel":"23108RN04Y","deviceScreenSize":"720x1600","deviceScreenDensity":320}}
[38;5;0m[HTTP][0m [37m<-- POST /session [39m[32m200[39m [90m4827 ms - 960[39m
[38;5;0m[HTTP][0m [90m[39m
[38;5;0m[HTTP][0m [37m-->[39m [37mPOST[39m [37m/session[39m
[38;5;0m[HTTP][0m [90m{"capabilities":{"alwaysMatch":{"platformName":"Android","appium:app":"/Users/applemacbookprom2/Project/Test/selenium_js_example/sample.apk","appium:deviceName":"WKMJTS9PRC9DVKXS","appium:appPackage":"com.sampleapp","appium:automationName":"UiAutomator2"},"firstMatch":[{}]},"desiredCapabilities":{"platformName":"Android","appium:app":"/Users/applemacbookprom2/Project/Test/selenium_js_example/sample.apk","appium:deviceName":"WKMJTS9PRC9DVKXS","appium:appPackage":"com.sampleapp","appium:automationName":"UiAutomator2"}}[39m
[38;5;16m[AppiumDriver@b707][0m Calling AppiumDriver.createSession() with args: [{"platformName":"Android","appium:app":"/Users/applemacbookprom2/Project/Test/selenium_js_example/sample.apk","appium:deviceName":"WKMJTS9PRC9DVKXS","appium:appPackage":"com.sampleapp","appium:automationName":"UiAutomator2"},null,{"alwaysMatch":{"platformName":"Android","appium:app":"/Users/applemacbookprom2/Project/Test/selenium_js_example/sample.apk","appium:deviceName":"WKMJTS9PRC9DVKXS","appium:appPackage":"com.sampleapp","appium:automationName":"UiAutomator2"},"firstMatch":[{}]}]
[38;5;16m[AppiumDriver@b707][0m Event 'newSessionRequested' logged at 1711725343983 (22:15:43 GMT+0700 (Western Indonesia Time))
[35m[Appium][39m Attempting to find matching driver for automationName 'UiAutomator2' and platformName 'Android'
[35m[Appium][39m The 'uiautomator2' driver was installed and matched caps.
[35m[Appium][39m Will require it at /Users/applemacbookprom2/Project/Test/selenium_js_example/node_modules/appium-uiautomator2-driver
[35m[Appium][39m Requiring driver at /Users/applemacbookprom2/Project/Test/selenium_js_example/node_modules/appium-uiautomator2-driver/build/index.js
[38;5;16m[AppiumDriver@b707][0m Appium v2.5.1 creating new AndroidUiautomator2Driver (v2.45.1) session
[38;5;16m[AppiumDriver@b707][0m Checking BaseDriver versions for Appium and AndroidUiautomator2Driver
[38;5;16m[AppiumDriver@b707][0m Appium's BaseDriver version is 9.5.2
[38;5;16m[AppiumDriver@b707][0m AndroidUiautomator2Driver's BaseDriver version is 9.5.1
[38;5;48m[AndroidUiautomator2Driver@e0c9][0m Creating session with W3C capabilities: {
[38;5;48m[AndroidUiautomator2Driver@e0c9][0m   "alwaysMatch": {
[38;5;48m[AndroidUiautomator2Driver@e0c9][0m     "platformName": "Android",
[38;5;48m[AndroidUiautomator2Driver@e0c9][0m     "appium:app": "/Users/applemacbookprom2/Project/Test/selenium_js_example/sample.apk",
[38;5;48m[AndroidUiautomator2Driver@e0c9][0m     "appium:deviceName": "WKMJTS9PRC9DVKXS",
[38;5;48m[AndroidUiautomator2Driver@e0c9][0m     "appium:appPackage": "com.sampleapp",
[38;5;48m[AndroidUiautomator2Driver@e0c9][0m     "appium:automationName": "UiAutomator2"
[38;5;48m[AndroidUiautomator2Driver@e0c9][0m   },
[38;5;48m[AndroidUiautomator2Driver@e0c9][0m   "firstMatch": [
[38;5;48m[AndroidUiautomator2Driver@e0c9][0m     {}
[38;5;48m[AndroidUiautomator2Driver@e0c9][0m   ]
[38;5;48m[AndroidUiautomator2Driver@e0c9][0m }
[38;5;48m[AndroidUiautomator2Driver@e0c9 (bb755326)][0m Session created with session id: bb755326-1919-442f-af57-c8094e6cbd2b
[38;5;64m[ADB][0m Using 'adb' from '/Users/applemacbookprom2/Library/Android/sdk/platform-tools/adb'
[38;5;64m[ADB][0m Running '/Users/applemacbookprom2/Library/Android/sdk/platform-tools/adb -P 5037 start-server'
[38;5;48m[AndroidUiautomator2Driver@e0c9 (bb755326)][0m Retrieving device list
[38;5;64m[ADB][0m Trying to find connected Android devices
[38;5;64m[ADB][0m Getting connected devices
[38;5;64m[ADB][0m Connected devices: [{"udid":"WKMJTS9PRC9DVKXS","state":"device"}]
[38;5;48m[AndroidUiautomator2Driver@e0c9 (bb755326)][0m Using device: WKMJTS9PRC9DVKXS
[38;5;64m[ADB][0m Using 'adb' from '/Users/applemacbookprom2/Library/Android/sdk/platform-tools/adb'
[38;5;64m[ADB][0m Running '/Users/applemacbookprom2/Library/Android/sdk/platform-tools/adb -P 5037 start-server'
[38;5;64m[ADB][0m Setting device id to WKMJTS9PRC9DVKXS
[38;5;32m[BaseDriver][0m Using local app '/Users/applemacbookprom2/Project/Test/selenium_js_example/sample.apk'
[38;5;48m[AndroidUiautomator2Driver@e0c9 (bb755326)][0m Checking whether app is actually present
[38;5;64m[ADB][0m Running '/Users/applemacbookprom2/Library/Android/sdk/platform-tools/adb -P 5037 -s WKMJTS9PRC9DVKXS shell getprop ro.build.version.sdk'
[38;5;64m[ADB][0m Current device property 'ro.build.version.sdk': 33
[38;5;64m[ADB][0m Getting device platform version
[38;5;64m[ADB][0m Running '/Users/applemacbookprom2/Library/Android/sdk/platform-tools/adb -P 5037 -s WKMJTS9PRC9DVKXS shell getprop ro.build.version.release'
[38;5;64m[ADB][0m Current device property 'ro.build.version.release': 13
[38;5;64m[ADB][0m Device API level: 33
[38;5;48m[AndroidUiautomator2Driver@e0c9 (bb755326)][0m Relaxing hidden api policy
[38;5;64m[ADB][0m Running '/Users/applemacbookprom2/Library/Android/sdk/platform-tools/adb -P 5037 -s WKMJTS9PRC9DVKXS shell 'settings put global hidden_api_policy_pre_p_apps 1;settings put global hidden_api_policy_p_apps 1;settings put global hidden_api_policy 1''
[38;5;48m[AndroidUiautomator2Driver@e0c9 (bb755326)][0m Parsing package and activity from app manifest
[38;5;48m[AndroidUiautomator2Driver@e0c9 (bb755326)][0m Pushing settings apk to the device...
[38;5;64m[ADB][0m Getting package info for 'io.appium.settings'
[38;5;64m[ADB][0m Running '/Users/applemacbookprom2/Library/Android/sdk/platform-tools/adb -P 5037 -s WKMJTS9PRC9DVKXS shell dumpsys package io.appium.settings'
[38;5;64m[ADB][0m Package name: 'com.sampleapp'
[38;5;64m[ADB][0m Main activity name: 'com.sampleapp.MainActivity'
[38;5;48m[AndroidUiautomator2Driver@e0c9 (bb755326)][0m Parsed package and activity are: com.sampleapp/com.sampleapp.MainActivity
[38;5;64m[ADB][0m The version code of the installed 'io.appium.settings' is greater than the application version code (76 > 75)
[38;5;64m[ADB][0m There is no need to downgrade 'io.appium.settings'
[38;5;64m[ADB][0m Running '/Users/applemacbookprom2/Library/Android/sdk/platform-tools/adb -P 5037 -s WKMJTS9PRC9DVKXS shell dumpsys activity services io.appium.settings'
[38;5;48m[AndroidUiautomator2Driver@e0c9 (bb755326)][0m io.appium.settings is already running. There is no need to reset its permissions.
[38;5;80m[Logcat][0m Starting logs capture with command: /Users/applemacbookprom2/Library/Android/sdk/platform-tools/adb -P 5037 -s WKMJTS9PRC9DVKXS logcat -v threadtime
[38;5;64m[ADB][0m Running '/Users/applemacbookprom2/Library/Android/sdk/platform-tools/adb -P 5037 -s WKMJTS9PRC9DVKXS shell appops set io.appium.settings android:mock_location allow'
[38;5;64m[ADB][0m Running '/Users/applemacbookprom2/Library/Android/sdk/platform-tools/adb -P 5037 -s WKMJTS9PRC9DVKXS shell "[ -e '/data/local/tmp/mock_apps.json' ] && echo __PASS__"'
[38;5;64m[ADB][0m Running '/Users/applemacbookprom2/Library/Android/sdk/platform-tools/adb -P 5037 -s WKMJTS9PRC9DVKXS shell cat /data/local/tmp/mock_apps.json'
[38;5;48m[AndroidUiautomator2Driver@e0c9 (bb755326)][0m Forwarding UiAutomator2 Server port 6790 to local port 8205
[38;5;64m[ADB][0m Forwarding system: 8205 to device: 6790
[38;5;64m[ADB][0m Running '/Users/applemacbookprom2/Library/Android/sdk/platform-tools/adb -P 5037 -s WKMJTS9PRC9DVKXS forward tcp:8205 tcp:6790'
[38;5;64m[ADB][0m Checking app cert for /Users/applemacbookprom2/Project/Test/selenium_js_example/sample.apk
[38;5;64m[ADB][0m Checking app cert for /Users/applemacbookprom2/Project/Test/selenium_js_example/node_modules/appium-uiautomator2-driver/node_modules/appium-uiautomator2-server/apks/appium-uiautomator2-server-v6.0.9.apk
[38;5;64m[ADB][0m Checking app cert for /Users/applemacbookprom2/Project/Test/selenium_js_example/node_modules/appium-uiautomator2-driver/node_modules/appium-uiautomator2-server/apks/appium-uiautomator2-server-debug-androidTest.apk
[38;5;64m[ADB][0m Using the previously cached signature entry for 'appium-uiautomator2-server-debug-androidTest.apk'
[38;5;64m[ADB][0m sha256 hash did match for 'appium-uiautomator2-server-debug-androidTest.apk'
[38;5;64m[ADB][0m Getting install status for io.appium.uiautomator2.server.test
[38;5;64m[ADB][0m Running '/Users/applemacbookprom2/Library/Android/sdk/platform-tools/adb -P 5037 -s WKMJTS9PRC9DVKXS shell pm path io.appium.uiautomator2.server.test'
[38;5;64m[ADB][0m Using the previously cached signature entry for 'appium-uiautomator2-server-v6.0.9.apk'
[38;5;64m[ADB][0m sha256 hash did match for 'appium-uiautomator2-server-v6.0.9.apk'
[38;5;64m[ADB][0m Getting package info for 'io.appium.uiautomator2.server'
[38;5;64m[ADB][0m Running '/Users/applemacbookprom2/Library/Android/sdk/platform-tools/adb -P 5037 -s WKMJTS9PRC9DVKXS shell dumpsys package io.appium.uiautomator2.server'
[38;5;64m[ADB][0m Using the previously cached signature entry for 'sample.apk'
[38;5;64m[ADB][0m Getting package info for 'com.sampleapp'
[38;5;64m[ADB][0m Running '/Users/applemacbookprom2/Library/Android/sdk/platform-tools/adb -P 5037 -s WKMJTS9PRC9DVKXS shell dumpsys package com.sampleapp'
[38;5;64m[ADB][0m 'io.appium.uiautomator2.server.test' is installed
[38;5;64m[ADB][0m The version name of the installed 'com.sampleapp' is greater or equal to the application version name ('1.0.0' >= '1.0.0')
[38;5;64m[ADB][0m There is no need to install/upgrade '/Users/applemacbookprom2/Project/Test/selenium_js_example/sample.apk'
[38;5;48m[AndroidUiautomator2Driver@e0c9 (bb755326)][0m Performing fast reset on 'com.sampleapp'
[38;5;64m[ADB][0m Getting install status for com.sampleapp
[38;5;64m[ADB][0m Running '/Users/applemacbookprom2/Library/Android/sdk/platform-tools/adb -P 5037 -s WKMJTS9PRC9DVKXS shell pm path com.sampleapp'
[38;5;64m[ADB][0m 'com.sampleapp' is installed
[38;5;64m[ADB][0m Running '/Users/applemacbookprom2/Library/Android/sdk/platform-tools/adb -P 5037 -s WKMJTS9PRC9DVKXS shell am force-stop com.sampleapp'
[38;5;64m[ADB][0m The version code of the installed 'io.appium.uiautomator2.server' is greater than the application version code (163 > 161)
[38;5;48m[AndroidUiautomator2Driver@e0c9 (bb755326)][0m Server packages status: [{"wasSigned":true,"installState":"newerVersionInstalled","appPath":"/Users/applemacbookprom2/Project/Test/selenium_js_example/node_modules/appium-uiautomator2-driver/node_modules/appium-uiautomator2-server/apks/appium-uiautomator2-server-v6.0.9.apk","appId":"io.appium.uiautomator2.server"},{"wasSigned":true,"installState":"sameVersionInstalled","appPath":"/Users/applemacbookprom2/Project/Test/selenium_js_example/node_modules/appium-uiautomator2-driver/node_modules/appium-uiautomator2-server/apks/appium-uiautomator2-server-debug-androidTest.apk","appId":"io.appium.uiautomator2.server.test"}]
[38;5;48m[AndroidUiautomator2Driver@e0c9 (bb755326)][0m Server packages are not going to be (re)installed
[38;5;48m[AndroidUiautomator2Driver@e0c9 (bb755326)][0m Waiting up to 30000ms for services to be available
[38;5;64m[ADB][0m Running '/Users/applemacbookprom2/Library/Android/sdk/platform-tools/adb -P 5037 -s WKMJTS9PRC9DVKXS shell pm list instrumentation'
[38;5;48m[AndroidUiautomator2Driver@e0c9 (bb755326)][0m Instrumentation target 'io.appium.uiautomator2.server.test/androidx.test.runner.AndroidJUnitRunner' is available
[38;5;64m[ADB][0m Adding packages ["io.appium.settings","io.appium.uiautomator2.server","io.appium.uiautomator2.server.test"] to Doze whitelist
[38;5;64m[ADB][0m Got the following command chunks to execute: [["dumpsys","deviceidle","whitelist","+io.appium.settings",";","dumpsys","deviceidle","whitelist","+io.appium.uiautomator2.server",";","dumpsys","deviceidle","whitelist","+io.appium.uiautomator2.server.test",";"]]
[38;5;64m[ADB][0m Running '/Users/applemacbookprom2/Library/Android/sdk/platform-tools/adb -P 5037 -s WKMJTS9PRC9DVKXS shell dumpsys deviceidle whitelist +io.appium.settings ; dumpsys deviceidle whitelist +io.appium.uiautomator2.server ; dumpsys deviceidle whitelist +io.appium.uiautomator2.server.test ;'
[38;5;64m[ADB][0m Running '/Users/applemacbookprom2/Library/Android/sdk/platform-tools/adb -P 5037 -s WKMJTS9PRC9DVKXS shell pm clear com.sampleapp'
[38;5;48m[AndroidUiautomator2Driver@e0c9 (bb755326)][0m Performed fast reset on the installed 'com.sampleapp' application (stop and clear)
[38;5;48m[AndroidUiautomator2Driver@e0c9 (bb755326)][0m Performing shallow cleanup of automation leftovers
[38;5;48m[AndroidUiautomator2Driver@e0c9 (bb755326)][0m The following obsolete sessions are still running: ["63e76165-85b1-4e13-a2ab-9982c0acda4b"]
[38;5;48m[AndroidUiautomator2Driver@e0c9 (bb755326)][0m Cleaning up 1 obsolete session
[38;5;96m[Instrumentation][0m .
[38;5;96m[Instrumentation][0m Time: 4.026
[38;5;96m[Instrumentation][0m 
[38;5;96m[Instrumentation][0m OK (1 test)
[38;5;96m[Instrumentation][0m The process has exited with code 0
[38;5;64m[ADB][0m Running '/Users/applemacbookprom2/Library/Android/sdk/platform-tools/adb -P 5037 -s WKMJTS9PRC9DVKXS shell am force-stop io.appium.uiautomator2.server.test'
[38;5;48m[AndroidUiautomator2Driver@e0c9 (bb755326)][0m Starting UIAutomator2 server 6.0.9
[38;5;48m[AndroidUiautomator2Driver@e0c9 (bb755326)][0m Using UIAutomator2 server from '/Users/applemacbookprom2/Project/Test/selenium_js_example/node_modules/appium-uiautomator2-driver/node_modules/appium-uiautomator2-server/apks/appium-uiautomator2-server-v6.0.9.apk' and test from '/Users/applemacbookprom2/Project/Test/selenium_js_example/node_modules/appium-uiautomator2-driver/node_modules/appium-uiautomator2-server/apks/appium-uiautomator2-server-debug-androidTest.apk'
[38;5;48m[AndroidUiautomator2Driver@e0c9 (bb755326)][0m Waiting up to 30000ms for UiAutomator2 to be online...
[38;5;64m[ADB][0m Creating ADB subprocess with args: ["-P","5037","-s","WKMJTS9PRC9DVKXS","shell","am","instrument","-w","-e","disableAnalytics","true","io.appium.uiautomator2.server.test/androidx.test.runner.AndroidJUnitRunner"]
[38;5;48m[AndroidUiautomator2Driver@e0c9 (bb755326)][0m Matched '/status' to command name 'getStatus'
[38;5;48m[AndroidUiautomator2Driver@e0c9 (bb755326)][0m Proxying [GET /status] to [GET http://127.0.0.1:8205/status] with no body
[38;5;48m[AndroidUiautomator2Driver@e0c9 (bb755326)][0m socket hang up
[38;5;96m[Instrumentation][0m io.appium.uiautomator2.server.test.AppiumUiAutomator2Server:
[38;5;48m[AndroidUiautomator2Driver@e0c9 (bb755326)][0m Matched '/status' to command name 'getStatus'
[38;5;48m[AndroidUiautomator2Driver@e0c9 (bb755326)][0m Proxying [GET /status] to [GET http://127.0.0.1:8205/status] with no body
[38;5;48m[AndroidUiautomator2Driver@e0c9 (bb755326)][0m socket hang up
[38;5;48m[AndroidUiautomator2Driver@e0c9 (bb755326)][0m Matched '/status' to command name 'getStatus'
[38;5;48m[AndroidUiautomator2Driver@e0c9 (bb755326)][0m Proxying [GET /status] to [GET http://127.0.0.1:8205/status] with no body
[38;5;48m[AndroidUiautomator2Driver@e0c9 (bb755326)][0m Got response with status 200: {"sessionId":"None","value":{"message":"UiAutomator2 Server is ready to accept commands","ready":true}}
[38;5;48m[AndroidUiautomator2Driver@e0c9 (bb755326)][0m The initialization of the instrumentation process took 2084ms
[38;5;48m[AndroidUiautomator2Driver@e0c9 (bb755326)][0m Matched '/session' to command name 'createSession'
[38;5;48m[AndroidUiautomator2Driver@e0c9 (bb755326)][0m Proxying [POST /session] to [POST http://127.0.0.1:8205/session] with body: {"capabilities":{"firstMatch":[{"platformName":"Android","app":"/Users/applemacbookprom2/Project/Test/selenium_js_example/sample.apk","deviceName":"WKMJTS9PRC9DVKXS","appPackage":"com.sampleapp","automationName":"UiAutomator2","platform":"LINUX","webStorageEnabled":false,"takesScreenshot":true,"javascriptEnabled":true,"databaseEnabled":false,"networkConnectionEnabled":true,"locationContextEnabled":false,"warnings":{},"desired":{"platformName":"Android","app":"/Users/applemacbookprom2/Project/Test/selenium_js_example/sample.apk","deviceName":"WKMJTS9PRC9DVKXS","appPackage":"com.sampleapp","automationName":"UiAutomator2"},"deviceUDID":"WKMJTS9PRC9DVKXS"}],"alwaysMatch":{}}}
[38;5;48m[AndroidUiautomator2Driver@e0c9 (bb755326)][0m Got response with status 200: {"sessionId":"7e1e09c8-e9a6-4989-b5ca-d6db07d02fba","value":{"capabilities":{"firstMatch":[{"platformName":"Android","app":"/Users/applemacbookprom2/Project/Test/selenium_js_example/sample.apk","deviceName":"WKMJTS9PRC9DVKXS","appPackage":"com.sampleapp","automationName":"UiAutomator2","platform":"LINUX","webStorageEnabled":false,"takesScreenshot":true,"javascriptEnabled":true,"databaseEnabled":false,"networkConnectionEnabled":true,"locationContextEnabled":false,"warnings":{},"desired":{"platformName":"Android","app":"/Users/applemacbookprom2/Project/Test/selenium_js_example/sample.apk","deviceName":"WKMJTS9PRC9DVKXS","appPackage":"com.sampleapp","automationName":"UiAutomator2"},"deviceUDID":"WKMJTS9PRC9DVKXS"}],"alwaysMatch":{}},"sessionId":"7e1e09c8-e9a6-4989-b5ca-d6db07d02fba"}}
[38;5;48m[AndroidUiautomator2Driver@e0c9 (bb755326)][0m Determined the downstream protocol as 'W3C'
[38;5;48m[AndroidUiautomator2Driver@e0c9 (bb755326)][0m Proxying [GET /appium/device/pixel_ratio] to [GET http://127.0.0.1:8205/session/7e1e09c8-e9a6-4989-b5ca-d6db07d02fba/appium/device/pixel_ratio] with no body
[38;5;48m[AndroidUiautomator2Driver@e0c9 (bb755326)][0m Matched '/appium/device/system_bars' to command name 'getSystemBars'
[38;5;48m[AndroidUiautomator2Driver@e0c9 (bb755326)][0m Proxying [GET /appium/device/system_bars] to [GET http://127.0.0.1:8205/session/7e1e09c8-e9a6-4989-b5ca-d6db07d02fba/appium/device/system_bars] with no body
[38;5;48m[AndroidUiautomator2Driver@e0c9 (bb755326)][0m Matched '/window/current/size' to command name 'getWindowSize'
[38;5;48m[AndroidUiautomator2Driver@e0c9 (bb755326)][0m Proxying [GET /window/current/size] to [GET http://127.0.0.1:8205/session/7e1e09c8-e9a6-4989-b5ca-d6db07d02fba/window/current/size] with no body
[38;5;48m[AndroidUiautomator2Driver@e0c9 (bb755326)][0m Proxying [GET /appium/device/info] to [GET http://127.0.0.1:8205/session/7e1e09c8-e9a6-4989-b5ca-d6db07d02fba/appium/device/info] with no body
[38;5;64m[ADB][0m Running '/Users/applemacbookprom2/Library/Android/sdk/platform-tools/adb -P 5037 -s WKMJTS9PRC9DVKXS shell dumpsys window'
[38;5;48m[AndroidUiautomator2Driver@e0c9 (bb755326)][0m Got response with status 200: {"sessionId":"7e1e09c8-e9a6-4989-b5ca-d6db07d02fba","value":2}
[38;5;48m[AndroidUiautomator2Driver@e0c9 (bb755326)][0m Got response with status 200: {"sessionId":"7e1e09c8-e9a6-4989-b5ca-d6db07d02fba","value":{"statusBar":68}}
[38;5;48m[AndroidUiautomator2Driver@e0c9 (bb755326)][0m Got response with status 200: {"sessionId":"7e1e09c8-e9a6-4989-b5ca-d6db07d02fba","value":{"height":1600,"width":720}}
[38;5;48m[AndroidUiautomator2Driver@e0c9 (bb755326)][0m Screen already unlocked, doing nothing
[38;5;48m[AndroidUiautomator2Driver@e0c9 (bb755326)][0m Starting 'com.sampleapp/com.sampleapp.MainActivity and waiting for 'com.sampleapp/com.sampleapp.MainActivity'
[38;5;64m[ADB][0m Running '/Users/applemacbookprom2/Library/Android/sdk/platform-tools/adb -P 5037 -s WKMJTS9PRC9DVKXS shell am start -W -n com.sampleapp/com.sampleapp.MainActivity -S -a android.intent.action.MAIN -c android.intent.category.LAUNCHER -f 0x10200000'
[38;5;48m[AndroidUiautomator2Driver@e0c9 (bb755326)][0m Got response with status 200: {"sessionId":"7e1e09c8-e9a6-4989-b5ca-d6db07d02fba","value":{"androidId":"6b3fd8bad114a1a5","apiVersion":"33","bluetooth":{"state":"OFF"},"brand":"Redmi","carrierName":"INDOSAT","displayDensity":320,"locale":"en_GB","manufacturer":"Xiaomi","model":"23108RN04Y","networks":[{"capabilities":{"SSID":null,"linkDownBandwidthKbps":30000,"linkUpstreamBandwidthKbps":15000,"networkCapabilities":"NET_CAPABILITY_IMS,NET_CAPABILITY_NOT_METERED,NET_CAPABILITY_TRUSTED,NET_CAPABILITY_NOT_VPN,NET_CAPABILITY_VALIDATED,NET_CAPABILITY_NOT_ROAMING,NET_CAPABILITY_FOREGROUND,NET_CAPABILITY_NOT_CONGESTED,NET_CAPABILITY_NOT_SUSPENDED","signalStrength":-2147483648,"transportTypes":"TRANSPORT_CELLULAR"},"detailedState":"CONNECTED","extraInfo":"ims","isAvailable":true,"isConnected":true,"isFailover":false,"isRoaming":false,"state":"CONNECTED","subtype":13,"subtypeName":"LTE","type":0,"typeName":"MOBILE"},{"capabilities":{"SSID":null,"linkDownBandwidthKbps":30000,"linkUpstreamBandwidthKbps":12000,"networkCapabilities":"NET_CAPABILITY_...
[38;5;64m[ADB][0m Waiting up to 20000ms for activity matching pkg: 'com.sampleapp' and activity: 'com.sampleapp.MainActivity' to be focused
[38;5;64m[ADB][0m Possible activities, to be checked: 'com.sampleapp.MainActivity', 'com.sampleapp.com.sampleapp.MainActivity'
[38;5;64m[ADB][0m Getting focused package and activity
[38;5;64m[ADB][0m Running '/Users/applemacbookprom2/Library/Android/sdk/platform-tools/adb -P 5037 -s WKMJTS9PRC9DVKXS shell dumpsys window displays'
[38;5;64m[ADB][0m Found package: 'com.sampleapp' and fully qualified activity name : 'com.sampleapp.MainActivity'
[38;5;16m[AppiumDriver@b707][0m New AndroidUiautomator2Driver session created successfully, session bb755326-1919-442f-af57-c8094e6cbd2b added to master session list
[38;5;16m[AppiumDriver@b707][0m Event 'newSessionStarted' logged at 1711725349133 (22:15:49 GMT+0700 (Western Indonesia Time))
[38;5;48m[AndroidUiautomator2Driver@e0c9 (bb755326)][0m Cached the protocol value 'W3C' for the new session bb755326-1919-442f-af57-c8094e6cbd2b
[38;5;48m[AndroidUiautomator2Driver@e0c9 (bb755326)][0m Responding to client with driver.createSession() result: {"capabilities":{"platformName":"Android","app":"/Users/applemacbookprom2/Project/Test/selenium_js_example/sample.apk","deviceName":"WKMJTS9PRC9DVKXS","appPackage":"com.sampleapp","automationName":"UiAutomator2","platform":"LINUX","webStorageEnabled":false,"takesScreenshot":true,"javascriptEnabled":true,"databaseEnabled":false,"networkConnectionEnabled":true,"locationContextEnabled":false,"warnings":{},"desired":{"platformName":"Android","app":"/Users/applemacbookprom2/Project/Test/selenium_js_example/sample.apk","deviceName":"WKMJTS9PRC9DVKXS","appPackage":"com.sampleapp","automationName":"UiAutomator2"},"deviceUDID":"WKMJTS9PRC9DVKXS","pixelRatio":"2","statBarHeight":68,"viewportRect":{"left":0,"top":68,"width":720,"height":1532},"deviceApiLevel":33,"platformVersion":"13","deviceManufacturer":"Xiaomi","deviceModel":"23108RN04Y","deviceScreenSize":"720x1600","deviceScreenDensity":320}}
[38;5;0m[HTTP][0m [37m<-- POST /session [39m[32m200[39m [90m5151 ms - 960[39m
[38;5;0m[HTTP][0m [90m[39m
[38;5;0m[HTTP][0m [37m-->[39m [37mPOST[39m [37m/session/bb755326-1919-442f-af57-c8094e6cbd2b/element[39m
[38;5;0m[HTTP][0m [90m{"using":"accessibility id","value":"inputA"}[39m
[38;5;48m[AndroidUiautomator2Driver@e0c9 (bb755326)][0m Calling AppiumDriver.findElement() with args: ["accessibility id","inputA","bb755326-1919-442f-af57-c8094e6cbd2b"]
[38;5;48m[AndroidUiautomator2Driver@e0c9 (bb755326)][0m Valid locator strategies for this request: xpath, id, class name, accessibility id, css selector, -android uiautomator
[38;5;48m[AndroidUiautomator2Driver@e0c9 (bb755326)][0m Waiting up to 0 ms for condition
[38;5;48m[AndroidUiautomator2Driver@e0c9 (bb755326)][0m Matched '/element' to command name 'findElement'
[38;5;48m[AndroidUiautomator2Driver@e0c9 (bb755326)][0m Proxying [POST /element] to [POST http://127.0.0.1:8205/session/7e1e09c8-e9a6-4989-b5ca-d6db07d02fba/element] with body: {"strategy":"accessibility id","selector":"inputA","context":"","multiple":false}
[38;5;0m[HTTP][0m [37m-->[39m [37mGET[39m [37m/session/779b5bc4-f7bb-4a84-a390-42705e208054/timeouts[39m
[38;5;0m[HTTP][0m [90m{}[39m
[38;5;16m[AppiumDriver@b707][0m Encountered internal error running command: NoSuchDriverError: A session is either terminated or not started
[38;5;16m[AppiumDriver@b707][0m     at asyncHandler (/Users/applemacbookprom2/Project/Test/selenium_js_example/node_modules/@appium/base-driver/lib/protocol/protocol.js:315:15)
[38;5;16m[AppiumDriver@b707][0m     at /Users/applemacbookprom2/Project/Test/selenium_js_example/node_modules/@appium/base-driver/lib/protocol/protocol.js:518:15
[38;5;16m[AppiumDriver@b707][0m     at Layer.handle [as handle_request] (/Users/applemacbookprom2/Project/Test/selenium_js_example/node_modules/express/lib/router/layer.js:95:5)
[38;5;16m[AppiumDriver@b707][0m     at next (/Users/applemacbookprom2/Project/Test/selenium_js_example/node_modules/express/lib/router/route.js:144:13)
[38;5;16m[AppiumDriver@b707][0m     at Route.dispatch (/Users/applemacbookprom2/Project/Test/selenium_js_example/node_modules/express/lib/router/route.js:114:3)
[38;5;16m[AppiumDriver@b707][0m     at Layer.handle [as handle_request] (/Users/applemacbookprom2/Project/Test/selenium_js_example/node_modules/express/lib/router/layer.js:95:5)
[38;5;16m[AppiumDriver@b707][0m     at /Users/applemacbookprom2/Project/Test/selenium_js_example/node_modules/express/lib/router/index.js:284:15
[38;5;16m[AppiumDriver@b707][0m     at param (/Users/applemacbookprom2/Project/Test/selenium_js_example/node_modules/express/lib/router/index.js:365:14)
[38;5;16m[AppiumDriver@b707][0m     at param (/Users/applemacbookprom2/Project/Test/selenium_js_example/node_modules/express/lib/router/index.js:376:14)
[38;5;16m[AppiumDriver@b707][0m     at Function.process_params (/Users/applemacbookprom2/Project/Test/selenium_js_example/node_modules/express/lib/router/index.js:421:3)
[38;5;16m[AppiumDriver@b707][0m     at next (/Users/applemacbookprom2/Project/Test/selenium_js_example/node_modules/express/lib/router/index.js:280:10)
[38;5;16m[AppiumDriver@b707][0m     at logger (/Users/applemacbookprom2/Project/Test/selenium_js_example/node_modules/morgan/index.js:144:5)
[38;5;16m[AppiumDriver@b707][0m     at Layer.handle [as handle_request] (/Users/applemacbookprom2/Project/Test/selenium_js_example/node_modules/express/lib/router/layer.js:95:5)
[38;5;16m[AppiumDriver@b707][0m     at trim_prefix (/Users/applemacbookprom2/Project/Test/selenium_js_example/node_modules/express/lib/router/index.js:328:13)
[38;5;16m[AppiumDriver@b707][0m     at /Users/applemacbookprom2/Project/Test/selenium_js_example/node_modules/express/lib/router/index.js:286:9
[38;5;16m[AppiumDriver@b707][0m     at Function.process_params (/Users/applemacbookprom2/Project/Test/selenium_js_example/node_modules/express/lib/router/index.js:346:12)
[38;5;16m[AppiumDriver@b707][0m     at next (/Users/applemacbookprom2/Project/Test/selenium_js_example/node_modules/express/lib/router/index.js:280:10)
[38;5;16m[AppiumDriver@b707][0m     at jsonParser (/Users/applemacbookprom2/Project/Test/selenium_js_example/node_modules/body-parser/lib/types/json.js:113:7)
[38;5;16m[AppiumDriver@b707][0m     at Layer.handle [as handle_request] (/Users/applemacbookprom2/Project/Test/selenium_js_example/node_modules/express/lib/router/layer.js:95:5)
[38;5;16m[AppiumDriver@b707][0m     at trim_prefix (/Users/applemacbookprom2/Project/Test/selenium_js_example/node_modules/express/lib/router/index.js:328:13)
[38;5;16m[AppiumDriver@b707][0m     at /Users/applemacbookprom2/Project/Test/selenium_js_example/node_modules/express/lib/router/index.js:286:9
[38;5;16m[AppiumDriver@b707][0m     at Function.process_params (/Users/applemacbookprom2/Project/Test/selenium_js_example/node_modules/express/lib/router/index.js:346:12)
[38;5;0m[HTTP][0m [37m<-- GET /session/779b5bc4-f7bb-4a84-a390-42705e208054/timeouts [39m[33m404[39m [90m19 ms - 3033[39m
[38;5;0m[HTTP][0m [90m[39m
[38;5;48m[AndroidUiautomator2Driver@e0c9 (bb755326)][0m Got response with status 200: {"sessionId":"7e1e09c8-e9a6-4989-b5ca-d6db07d02fba","value":{"ELEMENT":"00000000-0000-2dcf-ffff-ffff0000000d","element-6066-11e4-a52e-4f735466cecf":"00000000-0000-2dcf-ffff-ffff0000000d"}}
[38;5;48m[AndroidUiautomator2Driver@e0c9 (bb755326)][0m Responding to client with driver.findElement() result: {"element-6066-11e4-a52e-4f735466cecf":"00000000-0000-2dcf-ffff-ffff0000000d","ELEMENT":"00000000-0000-2dcf-ffff-ffff0000000d"}
[38;5;0m[HTTP][0m [37m<-- POST /session/bb755326-1919-442f-af57-c8094e6cbd2b/element [39m[32m200[39m [90m143 ms - 137[39m
[38;5;0m[HTTP][0m [90m[39m
[38;5;0m[HTTP][0m [37m-->[39m [37mGET[39m [37m/session/bb755326-1919-442f-af57-c8094e6cbd2b/element/00000000-0000-2dcf-ffff-ffff0000000d/displayed[39m
[38;5;0m[HTTP][0m [90m{}[39m
[38;5;48m[AndroidUiautomator2Driver@e0c9 (bb755326)][0m Calling AppiumDriver.elementDisplayed() with args: ["00000000-0000-2dcf-ffff-ffff0000000d","bb755326-1919-442f-af57-c8094e6cbd2b"]
[38;5;48m[AndroidUiautomator2Driver@e0c9 (bb755326)][0m Matched '/element/00000000-0000-2dcf-ffff-ffff0000000d/attribute/displayed' to command name 'getAttribute'
[38;5;48m[AndroidUiautomator2Driver@e0c9 (bb755326)][0m Proxying [GET /element/00000000-0000-2dcf-ffff-ffff0000000d/attribute/displayed] to [GET http://127.0.0.1:8205/session/7e1e09c8-e9a6-4989-b5ca-d6db07d02fba/element/00000000-0000-2dcf-ffff-ffff0000000d/attribute/displayed] with no body
[38;5;48m[AndroidUiautomator2Driver@e0c9 (bb755326)][0m Got response with status 200: {"sessionId":"7e1e09c8-e9a6-4989-b5ca-d6db07d02fba","value":"true"}
[38;5;48m[AndroidUiautomator2Driver@e0c9 (bb755326)][0m Responding to client with driver.elementDisplayed() result: true
[38;5;0m[HTTP][0m [37m<-- GET /session/bb755326-1919-442f-af57-c8094e6cbd2b/element/00000000-0000-2dcf-ffff-ffff0000000d/displayed [39m[32m200[39m [90m747 ms - 14[39m
[38;5;0m[HTTP][0m [90m[39m
[38;5;0m[HTTP][0m [37m-->[39m [37mPOST[39m [37m/session/bb755326-1919-442f-af57-c8094e6cbd2b/element/00000000-0000-2dcf-ffff-ffff0000000d/click[39m
[38;5;0m[HTTP][0m [90m{}[39m
[38;5;48m[AndroidUiautomator2Driver@e0c9 (bb755326)][0m Calling AppiumDriver.click() with args: ["00000000-0000-2dcf-ffff-ffff0000000d","bb755326-1919-442f-af57-c8094e6cbd2b"]
[38;5;48m[AndroidUiautomator2Driver@e0c9 (bb755326)][0m Matched '/element/00000000-0000-2dcf-ffff-ffff0000000d/click' to command name 'click'
[38;5;48m[AndroidUiautomator2Driver@e0c9 (bb755326)][0m Proxying [POST /element/00000000-0000-2dcf-ffff-ffff0000000d/click] to [POST http://127.0.0.1:8205/session/7e1e09c8-e9a6-4989-b5ca-d6db07d02fba/element/00000000-0000-2dcf-ffff-ffff0000000d/click] with body: {"element":"00000000-0000-2dcf-ffff-ffff0000000d"}
[38;5;48m[AndroidUiautomator2Driver@e0c9 (bb755326)][0m Got response with status 200: {"sessionId":"7e1e09c8-e9a6-4989-b5ca-d6db07d02fba","value":null}
[38;5;48m[AndroidUiautomator2Driver@e0c9 (bb755326)][0m Responding to client with driver.click() result: null
[38;5;0m[HTTP][0m [37m<-- POST /session/bb755326-1919-442f-af57-c8094e6cbd2b/element/00000000-0000-2dcf-ffff-ffff0000000d/click [39m[32m200[39m [90m1109 ms - 14[39m
[38;5;0m[HTTP][0m [90m[39m
[38;5;0m[HTTP][0m [37m-->[39m [37mPOST[39m [37m/session/bb755326-1919-442f-af57-c8094e6cbd2b/element/00000000-0000-2dcf-ffff-ffff0000000d/value[39m
[38;5;0m[HTTP][0m [90m{"text":"10"}[39m
[38;5;48m[AndroidUiautomator2Driver@e0c9 (bb755326)][0m Calling AppiumDriver.setValue() with args: ["10","00000000-0000-2dcf-ffff-ffff0000000d","bb755326-1919-442f-af57-c8094e6cbd2b"]
[38;5;48m[AndroidUiautomator2Driver@e0c9 (bb755326)][0m Matched '/element/00000000-0000-2dcf-ffff-ffff0000000d/value' to command name 'setValue'
[38;5;48m[AndroidUiautomator2Driver@e0c9 (bb755326)][0m Added 'value' property ["1","0"] to 'setValue' request body
[38;5;48m[AndroidUiautomator2Driver@e0c9 (bb755326)][0m Proxying [POST /element/00000000-0000-2dcf-ffff-ffff0000000d/value] to [POST http://127.0.0.1:8205/session/7e1e09c8-e9a6-4989-b5ca-d6db07d02fba/element/00000000-0000-2dcf-ffff-ffff0000000d/value] with body: {"elementId":"00000000-0000-2dcf-ffff-ffff0000000d","text":"10","replace":false,"value":["1","0"]}
[38;5;48m[AndroidUiautomator2Driver@e0c9 (bb755326)][0m Got response with status 200: {"sessionId":"7e1e09c8-e9a6-4989-b5ca-d6db07d02fba","value":null}
[38;5;48m[AndroidUiautomator2Driver@e0c9 (bb755326)][0m Responding to client with driver.setValue() result: null
[38;5;0m[HTTP][0m [37m<-- POST /session/bb755326-1919-442f-af57-c8094e6cbd2b/element/00000000-0000-2dcf-ffff-ffff0000000d/value [39m[32m200[39m [90m775 ms - 14[39m
[38;5;0m[HTTP][0m [90m[39m
[38;5;0m[HTTP][0m [37m-->[39m [37mPOST[39m [37m/session/bb755326-1919-442f-af57-c8094e6cbd2b/element[39m
[38;5;0m[HTTP][0m [90m{"using":"accessibility id","value":"inputB"}[39m
[38;5;48m[AndroidUiautomator2Driver@e0c9 (bb755326)][0m Calling AppiumDriver.findElement() with args: ["accessibility id","inputB","bb755326-1919-442f-af57-c8094e6cbd2b"]
[38;5;48m[AndroidUiautomator2Driver@e0c9 (bb755326)][0m Valid locator strategies for this request: xpath, id, class name, accessibility id, css selector, -android uiautomator
[38;5;48m[AndroidUiautomator2Driver@e0c9 (bb755326)][0m Waiting up to 0 ms for condition
[38;5;48m[AndroidUiautomator2Driver@e0c9 (bb755326)][0m Matched '/element' to command name 'findElement'
[38;5;48m[AndroidUiautomator2Driver@e0c9 (bb755326)][0m Proxying [POST /element] to [POST http://127.0.0.1:8205/session/7e1e09c8-e9a6-4989-b5ca-d6db07d02fba/element] with body: {"strategy":"accessibility id","selector":"inputB","context":"","multiple":false}
[38;5;48m[AndroidUiautomator2Driver@e0c9 (bb755326)][0m Got response with status 200: {"sessionId":"7e1e09c8-e9a6-4989-b5ca-d6db07d02fba","value":{"ELEMENT":"00000000-0000-2dcf-ffff-ffff00000010","element-6066-11e4-a52e-4f735466cecf":"00000000-0000-2dcf-ffff-ffff00000010"}}
[38;5;48m[AndroidUiautomator2Driver@e0c9 (bb755326)][0m Responding to client with driver.findElement() result: {"element-6066-11e4-a52e-4f735466cecf":"00000000-0000-2dcf-ffff-ffff00000010","ELEMENT":"00000000-0000-2dcf-ffff-ffff00000010"}
[38;5;0m[HTTP][0m [37m<-- POST /session/bb755326-1919-442f-af57-c8094e6cbd2b/element [39m[32m200[39m [90m708 ms - 137[39m
[38;5;0m[HTTP][0m [90m[39m
[38;5;0m[HTTP][0m [37m-->[39m [37mGET[39m [37m/session/bb755326-1919-442f-af57-c8094e6cbd2b/element/00000000-0000-2dcf-ffff-ffff00000010/displayed[39m
[38;5;0m[HTTP][0m [90m{}[39m
[38;5;48m[AndroidUiautomator2Driver@e0c9 (bb755326)][0m Calling AppiumDriver.elementDisplayed() with args: ["00000000-0000-2dcf-ffff-ffff00000010","bb755326-1919-442f-af57-c8094e6cbd2b"]
[38;5;48m[AndroidUiautomator2Driver@e0c9 (bb755326)][0m Matched '/element/00000000-0000-2dcf-ffff-ffff00000010/attribute/displayed' to command name 'getAttribute'
[38;5;48m[AndroidUiautomator2Driver@e0c9 (bb755326)][0m Proxying [GET /element/00000000-0000-2dcf-ffff-ffff00000010/attribute/displayed] to [GET http://127.0.0.1:8205/session/7e1e09c8-e9a6-4989-b5ca-d6db07d02fba/element/00000000-0000-2dcf-ffff-ffff00000010/attribute/displayed] with no body
[38;5;48m[AndroidUiautomator2Driver@e0c9 (bb755326)][0m Got response with status 200: {"sessionId":"7e1e09c8-e9a6-4989-b5ca-d6db07d02fba","value":"true"}
[38;5;48m[AndroidUiautomator2Driver@e0c9 (bb755326)][0m Responding to client with driver.elementDisplayed() result: true
[38;5;0m[HTTP][0m [37m<-- GET /session/bb755326-1919-442f-af57-c8094e6cbd2b/element/00000000-0000-2dcf-ffff-ffff00000010/displayed [39m[32m200[39m [90m542 ms - 14[39m
[38;5;0m[HTTP][0m [90m[39m
[38;5;0m[HTTP][0m [37m-->[39m [37mPOST[39m [37m/session/bb755326-1919-442f-af57-c8094e6cbd2b/element/00000000-0000-2dcf-ffff-ffff00000010/click[39m
[38;5;0m[HTTP][0m [90m{}[39m
[38;5;48m[AndroidUiautomator2Driver@e0c9 (bb755326)][0m Calling AppiumDriver.click() with args: ["00000000-0000-2dcf-ffff-ffff00000010","bb755326-1919-442f-af57-c8094e6cbd2b"]
[38;5;48m[AndroidUiautomator2Driver@e0c9 (bb755326)][0m Matched '/element/00000000-0000-2dcf-ffff-ffff00000010/click' to command name 'click'
[38;5;48m[AndroidUiautomator2Driver@e0c9 (bb755326)][0m Proxying [POST /element/00000000-0000-2dcf-ffff-ffff00000010/click] to [POST http://127.0.0.1:8205/session/7e1e09c8-e9a6-4989-b5ca-d6db07d02fba/element/00000000-0000-2dcf-ffff-ffff00000010/click] with body: {"element":"00000000-0000-2dcf-ffff-ffff00000010"}
[38;5;48m[AndroidUiautomator2Driver@e0c9 (bb755326)][0m Got response with status 200: {"sessionId":"7e1e09c8-e9a6-4989-b5ca-d6db07d02fba","value":null}
[38;5;48m[AndroidUiautomator2Driver@e0c9 (bb755326)][0m Responding to client with driver.click() result: null
[38;5;0m[HTTP][0m [37m<-- POST /session/bb755326-1919-442f-af57-c8094e6cbd2b/element/00000000-0000-2dcf-ffff-ffff00000010/click [39m[32m200[39m [90m756 ms - 14[39m
[38;5;0m[HTTP][0m [90m[39m
[38;5;0m[HTTP][0m [37m-->[39m [37mPOST[39m [37m/session/bb755326-1919-442f-af57-c8094e6cbd2b/element/00000000-0000-2dcf-ffff-ffff00000010/value[39m
[38;5;0m[HTTP][0m [90m{"text":"5"}[39m
[38;5;48m[AndroidUiautomator2Driver@e0c9 (bb755326)][0m Calling AppiumDriver.setValue() with args: ["5","00000000-0000-2dcf-ffff-ffff00000010","bb755326-1919-442f-af57-c8094e6cbd2b"]
[38;5;48m[AndroidUiautomator2Driver@e0c9 (bb755326)][0m Matched '/element/00000000-0000-2dcf-ffff-ffff00000010/value' to command name 'setValue'
[38;5;48m[AndroidUiautomator2Driver@e0c9 (bb755326)][0m Added 'value' property ["5"] to 'setValue' request body
[38;5;48m[AndroidUiautomator2Driver@e0c9 (bb755326)][0m Proxying [POST /element/00000000-0000-2dcf-ffff-ffff00000010/value] to [POST http://127.0.0.1:8205/session/7e1e09c8-e9a6-4989-b5ca-d6db07d02fba/element/00000000-0000-2dcf-ffff-ffff00000010/value] with body: {"elementId":"00000000-0000-2dcf-ffff-ffff00000010","text":"5","replace":false,"value":["5"]}
[38;5;48m[AndroidUiautomator2Driver@e0c9 (bb755326)][0m Got response with status 200: {"sessionId":"7e1e09c8-e9a6-4989-b5ca-d6db07d02fba","value":null}
[38;5;48m[AndroidUiautomator2Driver@e0c9 (bb755326)][0m Responding to client with driver.setValue() result: null
[38;5;0m[HTTP][0m [37m<-- POST /session/bb755326-1919-442f-af57-c8094e6cbd2b/element/00000000-0000-2dcf-ffff-ffff00000010/value [39m[32m200[39m [90m771 ms - 14[39m
[38;5;0m[HTTP][0m [90m[39m
[38;5;0m[HTTP][0m [37m-->[39m [37mPOST[39m [37m/session/bb755326-1919-442f-af57-c8094e6cbd2b/element[39m
[38;5;0m[HTTP][0m [90m{"using":"accessibility id","value":"sum"}[39m
[38;5;48m[AndroidUiautomator2Driver@e0c9 (bb755326)][0m Calling AppiumDriver.findElement() with args: ["accessibility id","sum","bb755326-1919-442f-af57-c8094e6cbd2b"]
[38;5;48m[AndroidUiautomator2Driver@e0c9 (bb755326)][0m Valid locator strategies for this request: xpath, id, class name, accessibility id, css selector, -android uiautomator
[38;5;48m[AndroidUiautomator2Driver@e0c9 (bb755326)][0m Waiting up to 0 ms for condition
[38;5;48m[AndroidUiautomator2Driver@e0c9 (bb755326)][0m Matched '/element' to command name 'findElement'
[38;5;48m[AndroidUiautomator2Driver@e0c9 (bb755326)][0m Proxying [POST /element] to [POST http://127.0.0.1:8205/session/7e1e09c8-e9a6-4989-b5ca-d6db07d02fba/element] with body: {"strategy":"accessibility id","selector":"sum","context":"","multiple":false}
[38;5;48m[AndroidUiautomator2Driver@e0c9 (bb755326)][0m Got response with status 200: {"sessionId":"7e1e09c8-e9a6-4989-b5ca-d6db07d02fba","value":{"ELEMENT":"00000000-0000-2dcf-ffff-ffff00000013","element-6066-11e4-a52e-4f735466cecf":"00000000-0000-2dcf-ffff-ffff00000013"}}
[38;5;48m[AndroidUiautomator2Driver@e0c9 (bb755326)][0m Responding to client with driver.findElement() result: {"element-6066-11e4-a52e-4f735466cecf":"00000000-0000-2dcf-ffff-ffff00000013","ELEMENT":"00000000-0000-2dcf-ffff-ffff00000013"}
[38;5;0m[HTTP][0m [37m<-- POST /session/bb755326-1919-442f-af57-c8094e6cbd2b/element [39m[32m200[39m [90m741 ms - 137[39m
[38;5;0m[HTTP][0m [90m[39m
[38;5;0m[HTTP][0m [37m-->[39m [37mGET[39m [37m/session/bb755326-1919-442f-af57-c8094e6cbd2b/element/00000000-0000-2dcf-ffff-ffff00000013/text[39m
[38;5;0m[HTTP][0m [90m{}[39m
[38;5;48m[AndroidUiautomator2Driver@e0c9 (bb755326)][0m Driver proxy active, passing request on via HTTP proxy
[38;5;48m[AndroidUiautomator2Driver@e0c9 (bb755326)][0m Matched '/session/bb755326-1919-442f-af57-c8094e6cbd2b/element/00000000-0000-2dcf-ffff-ffff00000013/text' to command name 'getText'
[38;5;48m[AndroidUiautomator2Driver@e0c9 (bb755326)][0m Proxying [GET /session/bb755326-1919-442f-af57-c8094e6cbd2b/element/00000000-0000-2dcf-ffff-ffff00000013/text] to [GET http://127.0.0.1:8205/session/7e1e09c8-e9a6-4989-b5ca-d6db07d02fba/element/00000000-0000-2dcf-ffff-ffff00000013/text] with no body
[38;5;48m[AndroidUiautomator2Driver@e0c9 (bb755326)][0m Got response with status 200: {"sessionId":"7e1e09c8-e9a6-4989-b5ca-d6db07d02fba","value":"15"}
[38;5;48m[AndroidUiautomator2Driver@e0c9 (bb755326)][0m Replacing sessionId 7e1e09c8-e9a6-4989-b5ca-d6db07d02fba with bb755326-1919-442f-af57-c8094e6cbd2b
[38;5;0m[HTTP][0m [37m<-- GET /session/bb755326-1919-442f-af57-c8094e6cbd2b/element/00000000-0000-2dcf-ffff-ffff00000013/text [39m[32m200[39m [90m66 ms - 65[39m
[38;5;0m[HTTP][0m [90m[39m
[38;5;0m[HTTP][0m [37m-->[39m [37mDELETE[39m [37m/session/bb755326-1919-442f-af57-c8094e6cbd2b[39m
[38;5;0m[HTTP][0m [90m{}[39m
[38;5;48m[AndroidUiautomator2Driver@e0c9 (bb755326)][0m Calling AppiumDriver.deleteSession() with args: ["bb755326-1919-442f-af57-c8094e6cbd2b"]
[38;5;16m[AppiumDriver@b707][0m Event 'quitSessionRequested' logged at 1711725355591 (22:15:55 GMT+0700 (Western Indonesia Time))
[38;5;16m[AppiumDriver@b707][0m Removing session bb755326-1919-442f-af57-c8094e6cbd2b from our master session list
[38;5;48m[AndroidUiautomator2Driver@e0c9 (bb755326)][0m Deleting UiAutomator2 session
[38;5;48m[AndroidUiautomator2Driver@e0c9 (bb755326)][0m Deleting UiAutomator2 server session
[38;5;48m[AndroidUiautomator2Driver@e0c9 (bb755326)][0m Matched '/' to command name 'deleteSession'
[38;5;48m[AndroidUiautomator2Driver@e0c9 (bb755326)][0m Proxying [DELETE /] to [DELETE http://127.0.0.1:8205/session/7e1e09c8-e9a6-4989-b5ca-d6db07d02fba] with no body
[38;5;48m[AndroidUiautomator2Driver@e0c9 (bb755326)][0m Got response with status 200: {"sessionId":"7e1e09c8-e9a6-4989-b5ca-d6db07d02fba","value":null}
[38;5;64m[ADB][0m Running '/Users/applemacbookprom2/Library/Android/sdk/platform-tools/adb -P 5037 -s WKMJTS9PRC9DVKXS shell dumpsys activity services io.appium.settings/.recorder.RecorderService'
[38;5;64m[ADB][0m Running '/Users/applemacbookprom2/Library/Android/sdk/platform-tools/adb -P 5037 -s WKMJTS9PRC9DVKXS shell am force-stop com.sampleapp'
[38;5;80m[Logcat][0m Stopping logcat capture
[38;5;64m[ADB][0m Removing forwarded port socket connection: 8205 
[38;5;64m[ADB][0m Running '/Users/applemacbookprom2/Library/Android/sdk/platform-tools/adb -P 5037 -s WKMJTS9PRC9DVKXS forward --remove tcp:8205'
[38;5;48m[AndroidUiautomator2Driver@e0c9 (bb755326)][0m Restoring hidden api policy to the device default configuration
[38;5;64m[ADB][0m Running '/Users/applemacbookprom2/Library/Android/sdk/platform-tools/adb -P 5037 -s WKMJTS9PRC9DVKXS shell 'settings delete global hidden_api_policy_pre_p_apps;settings delete global hidden_api_policy_p_apps;settings delete global hidden_api_policy''
[38;5;96m[Instrumentation][0m .
[38;5;96m[Instrumentation][0m Time: 9.035
[38;5;96m[Instrumentation][0m 
[38;5;96m[Instrumentation][0m OK (1 test)
[38;5;96m[Instrumentation][0m The process has exited with code 0
[38;5;16m[AppiumDriver@b707][0m Event 'quitSessionFinished' logged at 1711725355929 (22:15:55 GMT+0700 (Western Indonesia Time))
[38;5;16m[AppiumDriver@b707][0m Received response: null
[38;5;16m[AppiumDriver@b707][0m But deleting session, so not returning
[38;5;16m[AppiumDriver@b707][0m Responding to client with driver.deleteSession() result: null
[38;5;0m[HTTP][0m [37m<-- DELETE /session/bb755326-1919-442f-af57-c8094e6cbd2b [39m[32m200[39m [90m339 ms - 14[39m
[38;5;0m[HTTP][0m [90m[39m
[38;5;0m[HTTP][0m [37m-->[39m [37mDELETE[39m [37m/session/b62526a6-cbad-4227-b796-56c27382bec7[39m
[38;5;0m[HTTP][0m [90m{}[39m
[38;5;48m[AndroidUiautomator2Driver@0010 (b62526a6)][0m Calling AppiumDriver.deleteSession() with args: ["b62526a6-cbad-4227-b796-56c27382bec7"]
[38;5;16m[AppiumDriver@b707][0m Event 'quitSessionRequested' logged at 1711725355939 (22:15:55 GMT+0700 (Western Indonesia Time))
[38;5;16m[AppiumDriver@b707][0m Removing session b62526a6-cbad-4227-b796-56c27382bec7 from our master session list
[38;5;48m[AndroidUiautomator2Driver@0010 (b62526a6)][0m Deleting UiAutomator2 session
[38;5;48m[AndroidUiautomator2Driver@0010 (b62526a6)][0m Deleting UiAutomator2 server session
[38;5;48m[AndroidUiautomator2Driver@0010 (b62526a6)][0m Did not get confirmation UiAutomator2 deleteSession worked; Error was: UnknownError: An unknown server-side error occurred while processing the command. Original error: 'DELETE /' cannot be proxied to UiAutomator2 server because the instrumentation process is not running (probably crashed). Check the server log and/or the logcat output for more details
[38;5;64m[ADB][0m Running '/Users/applemacbookprom2/Library/Android/sdk/platform-tools/adb -P 5037 -s WKMJTS9PRC9DVKXS shell dumpsys activity services io.appium.settings/.recorder.RecorderService'
[38;5;64m[ADB][0m Running '/Users/applemacbookprom2/Library/Android/sdk/platform-tools/adb -P 5037 -s WKMJTS9PRC9DVKXS shell am force-stop com.sampleapp'
[38;5;80m[Logcat][0m Stopping logcat capture
[38;5;64m[ADB][0m Removing forwarded port socket connection: 8204 
[38;5;64m[ADB][0m Running '/Users/applemacbookprom2/Library/Android/sdk/platform-tools/adb -P 5037 -s WKMJTS9PRC9DVKXS forward --remove tcp:8204'
[38;5;48m[AndroidUiautomator2Driver@0010 (b62526a6)][0m Restoring hidden api policy to the device default configuration
[38;5;64m[ADB][0m Running '/Users/applemacbookprom2/Library/Android/sdk/platform-tools/adb -P 5037 -s WKMJTS9PRC9DVKXS shell 'settings delete global hidden_api_policy_pre_p_apps;settings delete global hidden_api_policy_p_apps;settings delete global hidden_api_policy''
[38;5;16m[AppiumDriver@b707][0m Event 'quitSessionFinished' logged at 1711725356171 (22:15:56 GMT+0700 (Western Indonesia Time))
[38;5;16m[AppiumDriver@b707][0m Received response: null
[38;5;16m[AppiumDriver@b707][0m But deleting session, so not returning
[38;5;16m[AppiumDriver@b707][0m Responding to client with driver.deleteSession() result: null
[38;5;0m[HTTP][0m [37m<-- DELETE /session/b62526a6-cbad-4227-b796-56c27382bec7 [39m[32m200[39m [90m234 ms - 14[39m
[38;5;0m[HTTP][0m [90m[39m
[35m[Appium][39m Received SIGTERM - shutting down
[38;5;16m[AppiumDriver@b707][0m There are no active sessions for cleanup
[38;5;0m[HTTP][0m Waiting until the server is closed
[38;5;0m[HTTP][0m Received server close event
